0 info it worked if it ends with ok
1 verbose cli [ 'D:\\Program Files\\nodejs\\\\node.exe',
1 verbose cli   'D:\\Program Files\\nodejs\\node_modules\\npm\\bin\\npm-cli.js',
1 verbose cli   'install',
1 verbose cli   'lessc' ]
2 info using npm@1.3.5
3 info using node@v0.10.15
4 verbose node symlink D:\Program Files\nodejs\\node.exe
5 verbose cache add [ 'lessc', null ]
6 verbose cache add name=undefined spec="lessc" args=["lessc",null]
7 verbose parsed url { protocol: null,
7 verbose parsed url   slashes: null,
7 verbose parsed url   auth: null,
7 verbose parsed url   host: null,
7 verbose parsed url   port: null,
7 verbose parsed url   hostname: null,
7 verbose parsed url   hash: null,
7 verbose parsed url   search: null,
7 verbose parsed url   query: null,
7 verbose parsed url   pathname: 'lessc',
7 verbose parsed url   path: 'lessc',
7 verbose parsed url   href: 'lessc' }
8 silly lockFile 8b3a335c-lessc lessc
9 verbose lock lessc C:\Users\waterwu\AppData\Roaming\npm-cache\8b3a335c-lessc.lock
10 silly lockFile 8b3a335c-lessc lessc
11 silly lockFile 8b3a335c-lessc lessc
12 verbose addNamed [ 'lessc', '' ]
13 verbose addNamed [ null, '*' ]
14 silly lockFile a47c36bc-lessc lessc@
15 verbose lock lessc@ C:\Users\waterwu\AppData\Roaming\npm-cache\a47c36bc-lessc.lock
16 silly addNameRange { name: 'lessc', range: '*', hasData: false }
17 verbose url raw lessc
18 verbose url resolving [ 'https://registry.npmjs.org/', './lessc' ]
19 verbose url resolved https://registry.npmjs.org/lessc
20 info trying registry request attempt 1 at 17:46:48
21 http GET https://registry.npmjs.org/lessc
22 http 404 https://registry.npmjs.org/lessc
23 silly registry.get cb [ 404,
23 silly registry.get   { server: 'CouchDB/1.3.0 (Erlang OTP/R15B03)',
23 silly registry.get     date: 'Tue, 06 Aug 2013 09:46:49 GMT',
23 silly registry.get     'content-type': 'application/json',
23 silly registry.get     'content-length': '52',
23 silly registry.get     'cache-control': 'must-revalidate' } ]
24 silly lockFile a47c36bc-lessc lessc@
25 silly lockFile a47c36bc-lessc lessc@
26 error 404 'lessc' is not in the npm registry.
26 error 404 You should bug the author to publish it
26 error 404
26 error 404 Note that you can also install from a
26 error 404 tarball, folder, or http url, or git url.
27 error System Windows_NT 6.1.7601
28 error command "D:\\Program Files\\nodejs\\\\node.exe" "D:\\Program Files\\nodejs\\node_modules\\npm\\bin\\npm-cli.js" "install" "lessc"
29 error cwd E:\WebApps\PHP\boss\trunk\github\md-portal
30 error node -v v0.10.15
31 error npm -v 1.3.5
32 error code E404
33 verbose exit [ 1, true ]
